#
# There is insufficient memory for the Java Runtime Environment to continue.
# Native memory allocation (malloc) failed to allocate 32744 bytes for ChunkPool::allocate
# Possible reasons:
#   The system is out of physical RAM or swap space
#   The process is running with CompressedOops enabled, and the Java Heap may be blocking the growth of the native heap
# Possible solutions:
#   Reduce memory load on the system
#   Increase physical memory or swap space
#   Check if swap backing store is full
#   Decrease Java heap size (-Xmx/-Xms)
#   Decrease number of Java threads
#   Decrease Java thread stack sizes (-Xss)
#   Set larger code cache with -XX:ReservedCodeCacheSize=
#   JVM is running with Unscaled Compressed Oops mode in which the Java heap is
#     placed in the first 4GB address space. The Java Heap base address is the
#     maximum limit for the native heap growth. Please use -XX:HeapBaseMinAddress
#     to set the Java Heap base and to place the Java Heap above 4GB virtual address.
# This output file may be truncated or incomplete.
#
#  Out of Memory Error (c:/BuildAgent/work/5ff2f6c26000d570/src/hotspot/share/memory/arena.cpp:81), pid=12192, tid=21008
#
# JRE version: OpenJDK Runtime Environment (11.0.4+10) (build 11.0.4+10-b304.77)
# Java VM: OpenJDK 64-Bit Server VM (11.0.4+10-b304.77, mixed mode, tiered, compressed oops, g1 gc, windows-amd64)
# No core dump will be written. Minidumps are not enabled by default on client versions of Windows
#

---------------  S U M M A R Y ------------

Command Line: org.jetbrains.git4idea.http.GitAskPassApp Username for 'https://github.com': 

Host: Intel(R) Core(TM) i5-8250U CPU @ 1.60GHz, 8 cores, 7G,  Windows 10 , 64 bit Build 18362 (10.0.18362.329)
Time: Tue Mar  3 10:23:52 2020 ?D1¨²¡À¨º¡Á?¨º¡À?? elapsed time: 0 seconds (0d 0h 0m 0s)

---------------  T H R E A D  ---------------

Current thread (0x000001506b03a000):  JavaThread "C1 CompilerThread0" daemon [_thread_in_native, id=21008, stack(0x0000001290100000,0x0000001290200000)]


Current CompileTask:
C1:    338  250       3       sun.util.locale.BaseLocale$Key::hashCode (178 bytes)

Stack: [0x0000001290100000,0x0000001290200000]
Native frames: (J=compiled Java code, j=interpreted, Vv=VM code, C=native code)
V  [jvm.dll+0x5db31a]
V  [jvm.dll+0x70c395]
V  [jvm.dll+0x70d8b8]
V  [jvm.dll+0x70df83]
V  [jvm.dll+0x23dbb8]
V  [jvm.dll+0xb944b]
V  [jvm.dll+0xb96fc]
V  [jvm.dll+0x161e63]
V  [jvm.dll+0x161f30]
V  [jvm.dll+0x1640fd]
V  [jvm.dll+0x166054]
V  [jvm.dll+0x11fd9c]
V  [jvm.dll+0x11f8a9]
V  [jvm.dll+0x11fa13]
V  [jvm.dll+0x11ed27]
V  [jvm.dll+0x1208f7]
V  [jvm.dll+0x204d17]
V  [jvm.dll+0x2035b2]
V  [jvm.dll+0x6d956f]
V  [jvm.dll+0x6d236d]
V  [jvm.dll+0x5da5e6]
C  [ucrtbase.dll+0x20e72]
C  [KERNEL32.DLL+0x17bd4]
C  [ntdll.dll+0x6ced1]


---------------  P R O C E S S  ---------------

Threads class SMR info:
_java_thread_list=0x000001506b1a1830, length=10, elements={
0x0000015050019000, 0x000001506a78f000, 0x000001506a79a000, 0x000001506b037000,
0x000001506b038000, 0x000001506b039000, 0x000001506b03a000, 0x000001506b03f800,
0x000001506b1c3800, 0x000001506b1cf000
}

Java Threads: ( => current thread )
  0x0000015050019000 JavaThread "main" [_thread_in_native, id=20020, stack(0x000000128f500000,0x000000128f600000)]
  0x000001506a78f000 JavaThread "Reference Handler" daemon [_thread_blocked, id=13328, stack(0x000000128fc00000,0x000000128fd00000)]
  0x000001506a79a000 JavaThread "Finalizer" daemon [_thread_blocked, id=19964, stack(0x000000128fd00000,0x000000128fe00000)]
  0x000001506b037000 JavaThread "Signal Dispatcher" daemon [_thread_blocked, id=10952, stack(0x000000128fe00000,0x000000128ff00000)]
  0x000001506b038000 JavaThread "Attach Listener" daemon [_thread_blocked, id=8908, stack(0x000000128ff00000,0x0000001290000000)]
  0x000001506b039000 JavaThread "C2 CompilerThread0" daemon [_thread_blocked, id=18036, stack(0x0000001290000000,0x0000001290100000)]
=>0x000001506b03a000 JavaThread "C1 CompilerThread0" daemon [_thread_in_native, id=21008, stack(0x0000001290100000,0x0000001290200000)]
  0x000001506b03f800 JavaThread "Sweeper thread" daemon [_thread_blocked, id=20048, stack(0x0000001290200000,0x0000001290300000)]
  0x000001506b1c3800 JavaThread "Service Thread" daemon [_thread_blocked, id=17332, stack(0x0000001290300000,0x0000001290400000)]
  0x000001506b1cf000 JavaThread "Common-Cleaner" daemon [_thread_blocked, id=19760, stack(0x0000001290500000,0x0000001290600000)]

Other Threads:
  0x000001506afd3000 VMThread "VM Thread" [stack: 0x000000128fb00000,0x000000128fc00000] [id=14416]
  0x000001506b1c5800 WatcherThread [stack: 0x0000001290400000,0x0000001290500000] [id=17808]
  0x000001505002f000 GCTaskThread "GC Thread#0" [stack: 0x000000128f600000,0x000000128f700000] [id=12508]
  0x000001506b28c800 GCTaskThread "GC Thread#1" [stack: 0x0000001290600000,0x0000001290700000] [id=944]
  0x000001506b29c800 GCTaskThread "GC Thread#2" [stack: 0x0000001290700000,0x0000001290800000] [id=16072]
  0x0000015050060800 ConcurrentGCThread "G1 Main Marker" [stack: 0x000000128f700000,0x000000128f800000] [id=18276]
  0x0000015050061800 ConcurrentGCThread "G1 Conc#0" [stack: 0x000000128f800000,0x000000128f900000] [id=2892]
  0x000001506b2ba800 ConcurrentGCThread "G1 Conc#1" [stack: 0x0000001290800000,0x0000001290900000] [id=1172]
  0x000001506a5fa800 ConcurrentGCThread "G1 Refine#0" [stack: 0x000000128f900000,0x000000128fa00000] [id=15200]
  0x000001506a5fd000 ConcurrentGCThread "G1 Young RemSet Sampling" [stack: 0x000000128fa00000,0x000000128fb00000] [id=7624]

Threads with active compile tasks:
C1 CompilerThread0 250       3       sun.util.locale.BaseLocale$Key::hashCode (178 bytes)

VM state:not at safepoint (normal execution)

VM Mutex/Monitor currently owned by a thread: None

Heap address: 0x0000000081c00000, size: 2020 MB, Compressed Oops mode: 32-bit
Narrow klass base: 0x0000000000000000, Narrow klass shift: 3
Compressed class space size: 1073741824 Address: 0x0000000100000000

Heap:
 garbage-first heap   total 131072K, used 2389K [0x0000000081c00000, 0x0000000100000000)
  region size 1024K, 4 young (4096K), 2 survivors (2048K)
 Metaspace       used 7530K, capacity 7666K, committed 7936K, reserved 1071104K
  class space    used 678K, capacity 698K, committed 768K, reserved 1048576K
Heap Regions: E=young(eden), S=young(survivor), O=old, HS=humongous(starts), HC=humongous(continues), CS=collection set, F=free, A=archive, TAMS=top-at-mark-start (previous, next)
|   0|0x0000000081c00000, 0x0000000081c00000, 0x0000000081d00000|  0%| F|  |TAMS 0x0000000081c00000, 0x0000000081c00000| Untracked 
|   1|0x0000000081d00000, 0x0000000081d00000, 0x0000000081e00000|  0%| F|  |TAMS 0x0000000081d00000, 0x0000000081d00000| Untracked 
|   2|0x0000000081e00000, 0x0000000081e00000, 0x0000000081f00000|  0%| F|  |TAMS 0x0000000081e00000, 0x0000000081e00000| Untracked 
|   3|0x0000000081f00000, 0x0000000081f00000, 0x0000000082000000|  0%| F|  |TAMS 0x0000000081f00000, 0x0000000081f00000| Untracked 
|   4|0x0000000082000000, 0x0000000082000000, 0x0000000082100000|  0%| F|  |TAMS 0x0000000082000000, 0x0000000082000000| Untracked 
|   5|0x0000000082100000, 0x0000000082100000, 0x0000000082200000|  0%| F|  |TAMS 0x0000000082100000, 0x0000000082100000| Untracked 
|   6|0x0000000082200000, 0x0000000082200000, 0x0000000082300000|  0%| F|  |TAMS 0x0000000082200000, 0x0000000082200000| Untracked 
|   7|0x0000000082300000, 0x0000000082300000, 0x0000000082400000|  0%| F|  |TAMS 0x0000000082300000, 0x0000000082300000| Untracked 
|   8|0x0000000082400000, 0x0000000082400000, 0x0000000082500000|  0%| F|  |TAMS 0x0000000082400000, 0x0000000082400000| Untracked 
|   9|0x0000000082500000, 0x0000000082500000, 0x0000000082600000|  0%| F|  |TAMS 0x0000000082500000, 0x0000000082500000| Untracked 
|  10|0x0000000082600000, 0x0000000082600000, 0x0000000082700000|  0%| F|  |TAMS 0x0000000082600000, 0x0000000082600000| Untracked 
|  11|0x0000000082700000, 0x0000000082700000, 0x0000000082800000|  0%| F|  |TAMS 0x0000000082700000, 0x0000000082700000| Untracked 
|  12|0x0000000082800000, 0x0000000082800000, 0x0000000082900000|  0%| F|  |TAMS 0x0000000082800000, 0x0000000082800000| Untracked 
|  13|0x0000000082900000, 0x0000000082900000, 0x0000000082a00000|  0%| F|  |TAMS 0x0000000082900000, 0x0000000082900000| Untracked 
|  14|0x0000000082a00000, 0x0000000082a00000, 0x0000000082b00000|  0%| F|  |TAMS 0x0000000082a00000, 0x0000000082a00000| Untracked 
|  15|0x0000000082b00000, 0x0000000082b00000, 0x0000000082c00000|  0%| F|  |TAMS 0x0000000082b00000, 0x0000000082b00000| Untracked 
|  16|0x0000000082c00000, 0x0000000082c00000, 0x0000000082d00000|  0%| F|  |TAMS 0x0000000082c00000, 0x0000000082c00000| Untracked 
|  17|0x0000000082d00000, 0x0000000082d00000, 0x0000000082e00000|  0%| F|  |TAMS 0x0000000082d00000, 0x0000000082d00000| Untracked 
|  18|0x0000000082e00000, 0x0000000082e00000, 0x0000000082f00000|  0%| F|  |TAMS 0x0000000082e00000, 0x0000000082e00000| Untracked 
|  19|0x0000000082f00000, 0x0000000082f00000, 0x0000000083000000|  0%| F|  |TAMS 0x0000000082f00000, 0x0000000082f00000| Untracked 
|  20|0x0000000083000000, 0x0000000083000000, 0x0000000083100000|  0%| F|  |TAMS 0x0000000083000000, 0x0000000083000000| Untracked 
|  21|0x0000000083100000, 0x0000000083100000, 0x0000000083200000|  0%| F|  |TAMS 0x0000000083100000, 0x0000000083100000| Untracked 
|  22|0x0000000083200000, 0x0000000083200000, 0x0000000083300000|  0%| F|  |TAMS 0x0000000083200000, 0x0000000083200000| Untracked 
|  23|0x0000000083300000, 0x0000000083300000, 0x0000000083400000|  0%| F|  |TAMS 0x0000000083300000, 0x0000000083300000| Untracked 
|  24|0x0000000083400000, 0x0000000083400000, 0x0000000083500000|  0%| F|  |TAMS 0x0000000083400000, 0x0000000083400000| Untracked 
|  25|0x0000000083500000, 0x0000000083500000, 0x0000000083600000|  0%| F|  |TAMS 0x0000000083500000, 0x0000000083500000| Untracked 
|  26|0x0000000083600000, 0x0000000083600000, 0x0000000083700000|  0%| F|  |TAMS 0x0000000083600000, 0x0000000083600000| Untracked 
|  27|0x0000000083700000, 0x0000000083700000, 0x0000000083800000|  0%| F|  |TAMS 0x0000000083700000, 0x0000000083700000| Untracked 
|  28|0x0000000083800000, 0x0000000083800000, 0x0000000083900000|  0%| F|  |TAMS 0x0000000083800000, 0x0000000083800000| Untracked 
|  29|0x0000000083900000, 0x0000000083900000, 0x0000000083a00000|  0%| F|  |TAMS 0x0000000083900000, 0x0000000083900000| Untracked 
|  30|0x0000000083a00000, 0x0000000083a00000, 0x0000000083b00000|  0%| F|  |TAMS 0x0000000083a00000, 0x0000000083a00000| Untracked 
|  31|0x0000000083b00000, 0x0000000083b00000, 0x0000000083c00000|  0%| F|  |TAMS 0x0000000083b00000, 0x0000000083b00000| Untracked 
|  32|0x0000000083c00000, 0x0000000083c00000, 0x0000000083d00000|  0%| F|  |TAMS 0x0000000083c00000, 0x0000000083c00000| Untracked 
|  33|0x0000000083d00000, 0x0000000083d00000, 0x0000000083e00000|  0%| F|  |TAMS 0x0000000083d00000, 0x0000000083d00000| Untracked 
|  34|0x0000000083e00000, 0x0000000083e00000, 0x0000000083f00000|  0%| F|  |TAMS 0x0000000083e00000, 0x0000000083e00000| Untracked 
|  35|0x0000000083f00000, 0x0000000083f00000, 0x0000000084000000|  0%| F|  |TAMS 0x0000000083f00000, 0x0000000083f00000| Untracked 
|  36|0x0000000084000000, 0x0000000084000000, 0x0000000084100000|  0%| F|  |TAMS 0x0000000084000000, 0x0000000084000000| Untracked 
|  37|0x0000000084100000, 0x0000000084100000, 0x0000000084200000|  0%| F|  |TAMS 0x0000000084100000, 0x0000000084100000| Untracked 
|  38|0x0000000084200000, 0x0000000084200000, 0x0000000084300000|  0%| F|  |TAMS 0x0000000084200000, 0x0000000084200000| Untracked 
|  39|0x0000000084300000, 0x0000000084300000, 0x0000000084400000|  0%| F|  |TAMS 0x0000000084300000, 0x0000000084300000| Untracked 
|  40|0x0000000084400000, 0x0000000084400000, 0x0000000084500000|  0%| F|  |TAMS 0x0000000084400000, 0x0000000084400000| Untracked 
|  41|0x0000000084500000, 0x0000000084500000, 0x0000000084600000|  0%| F|  |TAMS 0x0000000084500000, 0x0000000084500000| Untracked 
|  42|0x0000000084600000, 0x0000000084600000, 0x0000000084700000|  0%| F|  |TAMS 0x0000000084600000, 0x0000000084600000| Untracked 
|  43|0x0000000084700000, 0x0000000084700000, 0x0000000084800000|  0%| F|  |TAMS 0x0000000084700000, 0x0000000084700000| Untracked 
|  44|0x0000000084800000, 0x0000000084800000, 0x0000000084900000|  0%| F|  |TAMS 0x0000000084800000, 0x0000000084800000| Untracked 
|  45|0x0000000084900000, 0x0000000084900000, 0x0000000084a00000|  0%| F|  |TAMS 0x0000000084900000, 0x0000000084900000| Untracked 
|  46|0x0000000084a00000, 0x0000000084a00000, 0x0000000084b00000|  0%| F|  |TAMS 0x0000000084a00000, 0x0000000084a00000| Untracked 
|  47|0x0000000084b00000, 0x0000000084b00000, 0x0000000084c00000|  0%| F|  |TAMS 0x0000000084b00000, 0x0000000084b00000| Untracked 
|  48|0x0000000084c00000, 0x0000000084c00000, 0x0000000084d00000|  0%| F|  |TAMS 0x0000000084c00000, 0x0000000084c00000| Untracked 
|  49|0x0000000084d00000, 0x0000000084d00000, 0x0000000084e00000|  0%| F|  |TAMS 0x0000000084d00000, 0x0000000084d00000| Untracked 
|  50|0x0000000084e00000, 0x0000000084e00000, 0x0000000084f00000|  0%| F|  |TAMS 0x0000000084e00000, 0x0000000084e00000| Untracked 
|  51|0x0000000084f00000, 0x0000000084f00000, 0x0000000085000000|  0%| F|  |TAMS 0x0000000084f00000, 0x0000000084f00000| Untracked 
|  52|0x0000000085000000, 0x0000000085000000, 0x0000000085100000|  0%| F|  |TAMS 0x0000000085000000, 0x0000000085000000| Untracked 
|  53|0x0000000085100000, 0x0000000085100000, 0x0000000085200000|  0%| F|  |TAMS 0x0000000085100000, 0x0000000085100000| Untracked 
|  54|0x0000000085200000, 0x0000000085200000, 0x0000000085300000|  0%| F|  |TAMS 0x0000000085200000, 0x0000000085200000| Untracked 
|  55|0x0000000085300000, 0x0000000085300000, 0x0000000085400000|  0%| F|  |TAMS 0x0000000085300000, 0x0000000085300000| Untracked 
|  56|0x0000000085400000, 0x0000000085400000, 0x0000000085500000|  0%| F|  |TAMS 0x0000000085400000, 0x0000000085400000| Untracked 
|  57|0x0000000085500000, 0x0000000085500000, 0x0000000085600000|  0%| F|  |TAMS 0x0000000085500000, 0x0000000085500000| Untracked 
|  58|0x0000000085600000, 0x0000000085600000, 0x0000000085700000|  0%| F|  |TAMS 0x0000000085600000, 0x0000000085600000| Untracked 
|  59|0x0000000085700000, 0x0000000085700000, 0x0000000085800000|  0%| F|  |TAMS 0x0000000085700000, 0x0000000085700000| Untracked 
|  60|0x0000000085800000, 0x0000000085800000, 0x0000000085900000|  0%| F|  |TAMS 0x0000000085800000, 0x0000000085800000| Untracked 
|  61|0x0000000085900000, 0x0000000085900000, 0x0000000085a00000|  0%| F|  |TAMS 0x0000000085900000, 0x0000000085900000| Untracked 
|  62|0x0000000085a00000, 0x0000000085a00000, 0x0000000085b00000|  0%| F|  |TAMS 0x0000000085a00000, 0x0000000085a00000| Untracked 
|  63|0x0000000085b00000, 0x0000000085b00000, 0x0000000085c00000|  0%| F|  |TAMS 0x0000000085b00000, 0x0000000085b00000| Untracked 
|  64|0x0000000085c00000, 0x0000000085c00000, 0x0000000085d00000|  0%| F|  |TAMS 0x0000000085c00000, 0x0000000085c00000| Untracked 
|  65|0x0000000085d00000, 0x0000000085d00000, 0x0000000085e00000|  0%| F|  |TAMS 0x0000000085d00000, 0x0000000085d00000| Untracked 
|  66|0x0000000085e00000, 0x0000000085e00000, 0x0000000085f00000|  0%| F|  |TAMS 0x0000000085e00000, 0x0000000085e00000| Untracked 
|  67|0x0000000085f00000, 0x0000000085f00000, 0x0000000086000000|  0%| F|  |TAMS 0x0000000085f00000, 0x0000000085f00000| Untracked 
|  68|0x0000000086000000, 0x0000000086000000, 0x0000000086100000|  0%| F|  |TAMS 0x0000000086000000, 0x0000000086000000| Untracked 
|  69|0x0000000086100000, 0x0000000086100000, 0x0000000086200000|  0%| F|  |TAMS 0x0000000086100000, 0x0000000086100000| Untracked 
|  70|0x0000000086200000, 0x0000000086200000, 0x0000000086300000|  0%| F|  |TAMS 0x0000000086200000, 0x0000000086200000| Untracked 
|  71|0x0000000086300000, 0x0000000086300000, 0x0000000086400000|  0%| F|  |TAMS 0x0000000086300000, 0x0000000086300000| Untracked 
|  72|0x0000000086400000, 0x0000000086400000, 0x0000000086500000|  0%| F|  |TAMS 0x0000000086400000, 0x0000000086400000| Untracked 
|  73|0x0000000086500000, 0x0000000086500000, 0x0000000086600000|  0%| F|  |TAMS 0x0000000086500000, 0x0000000086500000| Untracked 
|  74|0x0000000086600000, 0x0000000086600000, 0x0000000086700000|  0%| F|  |TAMS 0x0000000086600000, 0x0000000086600000| Untracked 
|  75|0x0000000086700000, 0x0000000086700000, 0x0000000086800000|  0%| F|  |TAMS 0x0000000086700000, 0x0000000086700000| Untracked 
|  76|0x0000000086800000, 0x0000000086800000, 0x0000000086900000|  0%| F|  |TAMS 0x0000000086800000, 0x0000000086800000| Untracked 
|  77|0x0000000086900000, 0x0000000086900000, 0x0000000086a00000|  0%| F|  |TAMS 0x0000000086900000, 0x0000000086900000| Untracked 
|  78|0x0000000086a00000, 0x0000000086a00000, 0x0000000086b00000|  0%| F|  |TAMS 0x0000000086a00000, 0x0000000086a00000| Untracked 
|  79|0x0000000086b00000, 0x0000000086b00000, 0x0000000086c00000|  0%| F|  |TAMS 0x0000000086b00000, 0x0000000086b00000| Untracked 
|  80|0x0000000086c00000, 0x0000000086c00000, 0x0000000086d00000|  0%| F|  |TAMS 0x0000000086c00000, 0x0000000086c00000| Untracked 
|  81|0x0000000086d00000, 0x0000000086d00000, 0x0000000086e00000|  0%| F|  |TAMS 0x0000000086d00000, 0x0000000086d00000| Untracked 
|  82|0x0000000086e00000, 0x0000000086e00000, 0x0000000086f00000|  0%| F|  |TAMS 0x0000000086e00000, 0x0000000086e00000| Untracked 
|  83|0x0000000086f00000, 0x0000000086f00000, 0x0000000087000000|  0%| F|  |TAMS 0x0000000086f00000, 0x0000000086f00000| Untracked 
|  84|0x0000000087000000, 0x0000000087000000, 0x0000000087100000|  0%| F|  |TAMS 0x0000000087000000, 0x0000000087000000| Untracked 
|  85|0x0000000087100000, 0x0000000087100000, 0x0000000087200000|  0%| F|  |TAMS 0x0000000087100000, 0x0000000087100000| Untracked 
|  86|0x0000000087200000, 0x0000000087200000, 0x0000000087300000|  0%| F|  |TAMS 0x0000000087200000, 0x0000000087200000| Untracked 
|  87|0x0000000087300000, 0x0000000087300000, 0x0000000087400000|  0%| F|  |TAMS 0x0000000087300000, 0x0000000087300000| Untracked 
|  88|0x0000000087400000, 0x0000000087400000, 0x0000000087500000|  0%| F|  |TAMS 0x0000000087400000, 0x0000000087400000| Untracked 
|  89|0x0000000087500000, 0x0000000087500000, 0x0000000087600000|  0%| F|  |TAMS 0x0000000087500000, 0x0000000087500000| Untracked 
|  90|0x0000000087600000, 0x0000000087600000, 0x0000000087700000|  0%| F|  |TAMS 0x0000000087600000, 0x0000000087600000| Untracked 
|  91|0x0000000087700000, 0x0000000087700000, 0x0000000087800000|  0%| F|  |TAMS 0x0000000087700000, 0x0000000087700000| Untracked 
|  92|0x0000000087800000, 0x0000000087800000, 0x0000000087900000|  0%| F|  |TAMS 0x0000000087800000, 0x0000000087800000| Untracked 
|  93|0x0000000087900000, 0x0000000087900000, 0x0000000087a00000|  0%| F|  |TAMS 0x0000000087900000, 0x0000000087900000| Untracked 
|  94|0x0000000087a00000, 0x0000000087a00000, 0x0000000087b00000|  0%| F|  |TAMS 0x0000000087a00000, 0x0000000087a00000| Untracked 
|  95|0x0000000087b00000, 0x0000000087b00000, 0x0000000087c00000|  0%| F|  |TAMS 0x0000000087b00000, 0x0000000087b00000| Untracked 
|  96|0x0000000087c00000, 0x0000000087c00000, 0x0000000087d00000|  0%| F|  |TAMS 0x0000000087c00000, 0x0000000087c00000| Untracked 
|  97|0x0000000087d00000, 0x0000000087d00000, 0x0000000087e00000|  0%| F|  |TAMS 0x0000000087d00000, 0x0000000087d00000| Untracked 
|  98|0x0000000087e00000, 0x0000000087e00000, 0x0000000087f00000|  0%| F|  |TAMS 0x0000000087e00000, 0x0000000087e00000| Untracked 
|  99|0x0000000087f00000, 0x0000000087f00000, 0x0000000088000000|  0%| F|  |TAMS 0x0000000087f00000, 0x0000000087f00000| Untracked 
| 100|0x0000000088000000, 0x0000000088000000, 0x0000000088100000|  0%| F|  |TAMS 0x0000000088000000, 0x0000000088000000| Untracked 
| 101|0x0000000088100000, 0x0000000088100000, 0x0000000088200000|  0%| F|  |TAMS 0x0000000088100000, 0x0000000088100000| Untracked 
| 102|0x0000000088200000, 0x0000000088200000, 0x0000000088300000|  0%| F|  |TAMS 0x0000000088200000, 0x0000000088200000| Untracked 
| 103|0x0000000088300000, 0x0000000088300000, 0x0000000088400000|  0%| F|  |TAMS 0x0000000088300000, 0x0000000088300000| Untracked 
| 104|0x0000000088400000, 0x0000000088400000, 0x0000000088500000|  0%| F|  |TAMS 0x0000000088400000, 0x0000000088400000| Untracked 
| 105|0x0000000088500000, 0x0000000088500000, 0x0000000088600000|  0%| F|  |TAMS 0x0000000088500000, 0x0000000088500000| Untracked 
| 106|0x0000000088600000, 0x0000000088600000, 0x0000000088700000|  0%| F|  |TAMS 0x0000000088600000, 0x0000000088600000| Untracked 
| 107|0x0000000088700000, 0x0000000088700000, 0x0000000088800000|  0%| F|  |TAMS 0x0000000088700000, 0x0000000088700000| Untracked 
| 108|0x0000000088800000, 0x0000000088800000, 0x0000000088900000|  0%| F|  |TAMS 0x0000000088800000, 0x0000000088800000| Untracked 
| 109|0x0000000088900000, 0x0000000088900000, 0x0000000088a00000|  0%| F|  |TAMS 0x0000000088900000, 0x0000000088900000| Untracked 
| 110|0x0000000088a00000, 0x0000000088a00000, 0x0000000088b00000|  0%| F|  |TAMS 0x0000000088a00000, 0x0000000088a00000| Untracked 
| 111|0x0000000088b00000, 0x0000000088b00000, 0x0000000088c00000|  0%| F|  |TAMS 0x0000000088b00000, 0x0000000088b00000| Untracked 
| 112|0x0000000088c00000, 0x0000000088c00000, 0x0000000088d00000|  0%| F|  |TAMS 0x0000000088c00000, 0x0000000088c00000| Untracked 
| 113|0x0000000088d00000, 0x0000000088d00000, 0x0000000088e00000|  0%| F|  |TAMS 0x0000000088d00000, 0x0000000088d00000| Untracked 
| 114|0x0000000088e00000, 0x0000000088e00000, 0x0000000088f00000|  0%| F|  |TAMS 0x0000000088e00000, 0x0000000088e00000| Untracked 
| 115|0x0000000088f00000, 0x0000000088f00000, 0x0000000089000000|  0%| F|  |TAMS 0x0000000088f00000, 0x0000000088f00000| Untracked 
| 116|0x0000000089000000, 0x0000000089000000, 0x0000000089100000|  0%| F|  |TAMS 0x0000000089000000, 0x0000000089000000| Untracked 
| 117|0x0000000089100000, 0x0000000089100000, 0x0000000089200000|  0%| F|  |TAMS 0x0000000089100000, 0x0000000089100000| Untracked 
| 118|0x0000000089200000, 0x0000000089200000, 0x0000000089300000|  0%| F|  |TAMS 0x0000000089200000, 0x0000000089200000| Untracked 
| 119|0x0000000089300000, 0x0000000089300000, 0x0000000089400000|  0%| F|  |TAMS 0x0000000089300000, 0x0000000089300000| Untracked 
| 120|0x0000000089400000, 0x0000000089455468, 0x0000000089500000| 33%| S|CS|TAMS 0x0000000089400000, 0x0000000089400000| Complete 
| 121|0x0000000089500000, 0x0000000089600000, 0x0000000089600000|100%| S|CS|TAMS 0x0000000089500000, 0x0000000089500000| Complete 
| 122|0x0000000089600000, 0x0000000089600000, 0x0000000089700000|  0%| F|  |TAMS 0x0000000089600000, 0x0000000089600000| Untracked 
| 123|0x0000000089700000, 0x0000000089700000, 0x0000000089800000|  0%| F|  |TAMS 0x0000000089700000, 0x0000000089700000| Untracked 
| 124|0x0000000089800000, 0x0000000089800000, 0x0000000089900000|  0%| F|  |TAMS 0x0000000089800000, 0x0000000089800000| Untracked 
| 125|0x0000000089900000, 0x0000000089900000, 0x0000000089a00000|  0%| F|  |TAMS 0x0000000089900000, 0x0000000089900000| Untracked 
| 126|0x0000000089a00000, 0x0000000089a82010, 0x0000000089b00000| 50%| E|  |TAMS 0x0000000089a00000, 0x0000000089a00000| Complete 
| 127|0x0000000089b00000, 0x0000000089c00000, 0x0000000089c00000|100%| E|CS|TAMS 0x0000000089b00000, 0x0000000089b00000| Complete 

Card table byte_map: [0x0000015063600000,0x0000015063a00000] _byte_map_base: 0x00000150631f2000

Marking Bits (Prev, Next): (CMBitMap*) 0x0000015050057bd0, (CMBitMap*) 0x0000015050057b98
 Prev Bits: [0x0000015065d90000, 0x0000015067d20000)
 Next Bits: [0x0000015063e00000, 0x0000015065d90000)

Polling page: 0x000001504dee0000

Metaspace:

Usage:
  Non-class:      6.80 MB capacity,     6.69 MB ( 98%) used,   112.15 KB (  2%) free+waste,     4.44 KB ( <1%) overhead. 
      Class:    698.00 KB capacity,   678.65 KB ( 97%) used,    17.66 KB (  3%) free+waste,     1.69 KB ( <1%) overhead. 
       Both:      7.49 MB capacity,     7.35 MB ( 98%) used,   129.81 KB (  2%) free+waste,     6.13 KB ( <1%) overhead. 

Virtual space:
  Non-class space:       22.00 MB reserved,       7.00 MB ( 32%) committed 
      Class space:        1.00 GB reserved,     768.00 KB ( <1%) committed 
             Both:        1.02 GB reserved,       7.75 MB ( <1%) committed 

Chunk freelists:
   Non-Class:  8.00 KB
       Class:  6.00 KB
        Both:  14.00 KB

CodeHeap 'non-profiled nmethods': size=120000Kb used=65Kb max_used=65Kb free=119934Kb
 bounds [0x000001505b9a0000, 0x000001505bc10000, 0x0000015062ed0000]
CodeHeap 'profiled nmethods': size=120000Kb used=334Kb max_used=334Kb free=119665Kb
 bounds [0x0000015054470000, 0x00000150546e0000, 0x000001505b9a0000]
CodeHeap 'non-nmethods': size=5760Kb used=1067Kb max_used=1076Kb free=4692Kb
 bounds [0x0000015053ed0000, 0x0000015054140000, 0x0000015054470000]
 total_blobs=682 nmethods=241 adapters=272
 compilation: enabled
              stopped_count=0, restarted_count=0
 full_count=0

Compilation events (10 events):
Event: 0.335 Thread 0x000001506b03a000 nmethod 233 0x000001505b9af410 code [0x000001505b9af5c0, 0x000001505b9af6d8]
Event: 0.335 Thread 0x000001506b03a000  238       3       sun.util.locale.LocaleUtils::toLowerString (95 bytes)
Event: 0.335 Thread 0x000001506b039000  244       4       sun.util.locale.LocaleUtils::isUpper (18 bytes)
Event: 0.335 Thread 0x000001506b03a000 nmethod 238 0x00000150544bfc90 code [0x00000150544bff80, 0x00000150544c11f0]
Event: 0.336 Thread 0x000001506b03a000  239       1       java.util.Collections::emptyList (4 bytes)
Event: 0.336 Thread 0x000001506b03a000 nmethod 239 0x000001505b9af790 code [0x000001505b9af940, 0x000001505b9afa38]
Event: 0.336 Thread 0x000001506b03a000  240       3       sun.util.locale.StringTokenIterator::nextDelimiter (116 bytes)
Event: 0.336 Thread 0x000001506b039000 nmethod 244 0x000001505b9afa90 code [0x000001505b9afc20, 0x000001505b9afc78]
Event: 0.337 Thread 0x000001506b03a000 nmethod 240 0x00000150544c1910 code [0x00000150544c1c60, 0x00000150544c30e0]
Event: 0.337 Thread 0x000001506b03a000  250       3       sun.util.locale.BaseLocale$Key::hashCode (178 bytes)

GC Heap History (2 events):
Event: 0.316 GC heap before
{Heap before GC invocations=0 (full 0):
 garbage-first heap   total 131072K, used 4096K [0x0000000081c00000, 0x0000000100000000)
  region size 1024K, 6 young (6144K), 0 survivors (0K)
 Metaspace       used 6411K, capacity 6451K, committed 6528K, reserved 1071104K
  class space    used 568K, capacity 593K, committed 640K, reserved 1048576K
}
Event: 0.318 GC heap after
{Heap after GC invocations=1 (full 0):
 garbage-first heap   total 131072K, used 1365K [0x0000000081c00000, 0x0000000100000000)
  region size 1024K, 2 young (2048K), 2 survivors (2048K)
 Metaspace       used 6411K, capacity 6451K, committed 6528K, reserved 1071104K
  class space    used 568K, capacity 593K, committed 640K, reserved 1048576K
}

Deoptimization events (4 events):
Event: 0.200 Thread 0x0000015050019000 Uncommon trap: trap_request=0xffffff4d fr.pc=0x000001505b9a567c relative=0x00000000000001dc
Event: 0.200 Thread 0x0000015050019000 Uncommon trap: reason=unstable_if action=reinterpret pc=0x000001505b9a567c method=java.lang.String.hashCode()I @ 14 c2
Event: 0.200 Thread 0x0000015050019000 DEOPT PACKING pc=0x000001505b9a567c sp=0x000000128f5fd730
Event: 0.200 Thread 0x0000015050019000 DEOPT UNPACKING pc=0x0000015053ef8f2f sp=0x000000128f5fd6c8 mode 2

Classes redefined (0 events):
No events

Internal exceptions (0 events):
No events

Events (10 events):
Event: 0.330 loading class java/util/LinkedList
Event: 0.331 loading class java/util/AbstractSequentialList
Event: 0.331 loading class java/util/AbstractSequentialList done
Event: 0.331 loading class java/util/LinkedList done
Event: 0.331 loading class java/util/LinkedList$Node
Event: 0.331 loading class java/util/LinkedList$Node done
Event: 0.331 loading class sun/util/cldr/CLDRCalendarDataProviderImpl
Event: 0.331 loading class sun/util/locale/provider/CalendarDataProviderImpl
Event: 0.331 loading class sun/util/locale/provider/CalendarDataProviderImpl done
Event: 0.331 loading class sun/util/cldr/CLDRCalendarDataProviderImpl done


Dynamic libraries:
0x00007ff7ad9a0000 - 0x00007ff7ad9e7000 	D:\Apps\JetBrains\IntelliJ IDEA 2019.2\jbr\bin\java.exe
0x00007ffbfa620000 - 0x00007ffbfa810000 	C:\WINDOWS\SYSTEM32\ntdll.dll
0x00007ffbf9950000 - 0x00007ffbf9a02000 	C:\WINDOWS\System32\KERNEL32.DLL
0x00007ffbf7a20000 - 0x00007ffbf7cc3000 	C:\WINDOWS\System32\KERNELBASE.dll
0x00007ffbf9b30000 - 0x00007ffbf9cc4000 	C:\WINDOWS\System32\USER32.dll
0x00007ffbf86a0000 - 0x00007ffbf86c1000 	C:\WINDOWS\System32\win32u.dll
0x00007ffbfa4e0000 - 0x00007ffbfa506000 	C:\WINDOWS\System32\GDI32.dll
0x00007ffbf77d0000 - 0x00007ffbf7964000 	C:\WINDOWS\System32\gdi32full.dll
0x00007ffbf7630000 - 0x00007ffbf76ce000 	C:\WINDOWS\System32\msvcp_win.dll
0x00007ffbf85a0000 - 0x00007ffbf869a000 	C:\WINDOWS\System32\ucrtbase.dll
0x00007ffbe6f60000 - 0x00007ffbe71e5000 	C:\WINDOWS\WinSxS\amd64_microsoft.windows.common-controls_6595b64144ccf1df_6.0.18362.657_none_e6c5b579130e3898\COMCTL32.dll
0x00007ffbfa050000 - 0x00007ffbfa0ee000 	C:\WINDOWS\System32\msvcrt.dll
0x00007ffbfa0f0000 - 0x00007ffbfa426000 	C:\WINDOWS\System32\combase.dll
0x00007ffbf9a10000 - 0x00007ffbf9b30000 	C:\WINDOWS\System32\RPCRT4.dll
0x00007ffbf75b0000 - 0x00007ffbf7630000 	C:\WINDOWS\System32\bcryptPrimitives.dll
0x00007ffbfa5b0000 - 0x00007ffbfa5de000 	C:\WINDOWS\System32\IMM32.DLL
0x00007ffbe0110000 - 0x00007ffbe0127000 	D:\Apps\JetBrains\IntelliJ IDEA 2019.2\jbr\bin\vcruntime140.dll
0x00007ffbdddd0000 - 0x00007ffbdde6d000 	D:\Apps\JetBrains\IntelliJ IDEA 2019.2\jbr\bin\msvcp140.dll
0x00007ffba2260000 - 0x00007ffba2d18000 	D:\Apps\JetBrains\IntelliJ IDEA 2019.2\jbr\bin\server\jvm.dll
0x00007ffbf9f00000 - 0x00007ffbf9fa3000 	C:\WINDOWS\System32\ADVAPI32.dll
0x00007ffbfa510000 - 0x00007ffbfa5a7000 	C:\WINDOWS\System32\sechost.dll
0x00007ffbf9fc0000 - 0x00007ffbf9fc8000 	C:\WINDOWS\System32\PSAPI.DLL
0x00007ffbebdf0000 - 0x00007ffbebe14000 	C:\WINDOWS\SYSTEM32\WINMM.dll
0x00007ffbeb720000 - 0x00007ffbeb729000 	C:\WINDOWS\SYSTEM32\WSOCK32.dll
0x00007ffbf2a30000 - 0x00007ffbf2a3a000 	C:\WINDOWS\SYSTEM32\VERSION.dll
0x00007ffbf9dc0000 - 0x00007ffbf9e2f000 	C:\WINDOWS\System32\WS2_32.dll
0x00007ffbebdb0000 - 0x00007ffbebddd000 	C:\WINDOWS\SYSTEM32\WINMMBASE.dll
0x00007ffbf7720000 - 0x00007ffbf776a000 	C:\WINDOWS\System32\cfgmgr32.dll
0x00007ffbf7520000 - 0x00007ffbf7531000 	C:\WINDOWS\System32\kernel.appcore.dll
0x00007ffbf3400000 - 0x00007ffbf3411000 	D:\Apps\JetBrains\IntelliJ IDEA 2019.2\jbr\bin\verify.dll
0x00007ffbf0f40000 - 0x00007ffbf1134000 	C:\WINDOWS\SYSTEM32\DBGHELP.DLL
0x00007ffbf0930000 - 0x00007ffbf095a000 	C:\WINDOWS\SYSTEM32\dbgcore.DLL
0x00007ffbf1790000 - 0x00007ffbf17b9000 	D:\Apps\JetBrains\IntelliJ IDEA 2019.2\jbr\bin\java.dll
0x00007ffbf2890000 - 0x00007ffbf28a7000 	D:\Apps\JetBrains\IntelliJ IDEA 2019.2\jbr\bin\zip.dll
0x00007ffbf2f70000 - 0x00007ffbf2f7b000 	D:\Apps\JetBrains\IntelliJ IDEA 2019.2\jbr\bin\jimage.dll
0x00007ffbf8a20000 - 0x00007ffbf9105000 	C:\WINDOWS\System32\SHELL32.dll
0x00007ffbf8900000 - 0x00007ffbf89a9000 	C:\WINDOWS\System32\shcore.dll
0x00007ffbf7e20000 - 0x00007ffbf859f000 	C:\WINDOWS\System32\windows.storage.dll
0x00007ffbf7540000 - 0x00007ffbf755f000 	C:\WINDOWS\System32\profapi.dll
0x00007ffbf7560000 - 0x00007ffbf75aa000 	C:\WINDOWS\System32\powrprof.dll
0x00007ffbf74f0000 - 0x00007ffbf7500000 	C:\WINDOWS\System32\UMPDC.dll
0x00007ffbf9110000 - 0x00007ffbf9162000 	C:\WINDOWS\System32\shlwapi.dll
0x00007ffbf76d0000 - 0x00007ffbf76e7000 	C:\WINDOWS\System32\cryptsp.dll
0x00007ffbf2730000 - 0x00007ffbf274a000 	D:\Apps\JetBrains\IntelliJ IDEA 2019.2\jbr\bin\net.dll
0x00007ffbe6740000 - 0x00007ffbe6916000 	C:\WINDOWS\SYSTEM32\urlmon.dll
0x00007ffbf2c40000 - 0x00007ffbf2d30000 	C:\WINDOWS\SYSTEM32\WINHTTP.dll
0x00007ffbe5c40000 - 0x00007ffbe5ee6000 	C:\WINDOWS\SYSTEM32\iertutil.dll
0x00007ffbf6f30000 - 0x00007ffbf6f3c000 	C:\WINDOWS\SYSTEM32\CRYPTBASE.DLL
0x00007ffbf6d60000 - 0x00007ffbf6dc7000 	C:\WINDOWS\system32\mswsock.dll
0x00007ffbf1770000 - 0x00007ffbf1784000 	D:\Apps\JetBrains\IntelliJ IDEA 2019.2\jbr\bin\nio.dll

dbghelp: loaded successfully - version: 4.0.5 - missing functions: none
symbol engine: initialized successfully - sym options: 0x614 - pdb path: .;D:\Apps\JetBrains\IntelliJ IDEA 2019.2\jbr\bin;C:\WINDOWS\SYSTEM32;C:\WINDOWS\WinSxS\amd64_microsoft.windows.common-controls_6595b64144ccf1df_6.0.18362.657_none_e6c5b579130e3898;D:\Apps\JetBrains\IntelliJ IDEA 2019.2\jbr\bin\server

VM Arguments:
java_command: org.jetbrains.git4idea.http.GitAskPassApp Username for 'https://github.com': 
java_class_path (initial): D:/Apps/JetBrains/IntelliJ IDEA 2019.2/plugins/git4idea/lib/git4idea-rt.jar;D:/Apps/JetBrains/IntelliJ IDEA 2019.2/lib/xmlrpc-2.0.1.jar;D:/Apps/JetBrains/IntelliJ IDEA 2019.2/lib/commons-codec-1.13.jar;D:/Apps/JetBrains/IntelliJ IDEA 2019.2/lib/util.jar
Launcher Type: SUN_STANDARD

[Global flags]
     intx CICompilerCount                          = 4                                         {product} {ergonomic}
     uint ConcGCThreads                            = 2                                         {product} {ergonomic}
     uint G1ConcRefinementThreads                  = 8                                         {product} {ergonomic}
   size_t G1HeapRegionSize                         = 1048576                                   {product} {ergonomic}
    uintx GCDrainStackTargetSize                   = 64                                        {product} {ergonomic}
   size_t InitialHeapSize                          = 134217728                                 {product} {ergonomic}
   size_t MarkStackSize                            = 4194304                                   {product} {ergonomic}
   size_t MaxHeapSize                              = 2118123520                                {product} {ergonomic}
   size_t MaxNewSize                               = 1270874112                                {product} {ergonomic}
   size_t MinHeapDeltaBytes                        = 1048576                                   {product} {ergonomic}
    uintx NonNMethodCodeHeapSize                   = 5835340                                {pd product} {ergonomic}
    uintx NonProfiledCodeHeapSize                  = 122911450                              {pd product} {ergonomic}
    uintx ProfiledCodeHeapSize                     = 122911450                              {pd product} {ergonomic}
    uintx ReservedCodeCacheSize                    = 251658240                              {pd product} {ergonomic}
     bool SegmentedCodeCache                       = true                                      {product} {ergonomic}
     bool UseCompressedClassPointers               = true                                 {lp64_product} {ergonomic}
     bool UseCompressedOops                        = true                                 {lp64_product} {ergonomic}
     bool UseG1GC                                  = true                                      {product} {ergonomic}
     bool UseLargePagesIndividualAllocation        = false                                  {pd product} {ergonomic}

Logging:
Log output configuration:
 #0: stdout all=warning uptime,level,tags
 #1: stderr all=off uptime,level,tags

Environment Variables:
JAVA_HOME=C:\Java\jdk1.8.0_231
CLASSPATH=.;C:\Java\jdk1.8.0_231\lib\dt.jar;C:\Java\jdk1.8.0_231\lib\tools.jar;D:\Server\Apache\tomcat-8.5.37\lib\servlet-api.jar£»
PATH=C:/Program Files/Git/mingw64/libexec/git-core;C:/Program Files/Git/mingw64/libexec/git-core;C:\Program Files\Git\mingw64\bin;C:\Program Files\Git\usr\bin;C:\Users\Kenny Cheng\bin;C:\Program Files (x86)\Common Files\Oracle\Java\javapath;C:\Java\jdk1.8.0_231\bin;D:\Apps\Xftp6\;D:\Apps\Xshell6\;C:\Program Files (x86)\Intel\Intel(R) Management Engine Components\iCLS\;C:\Program Files\Intel\Intel(R) Management Engine Components\iCLS\;C:\Windows\system32;C:\Windows;C:\Windows\System32\Wbem;C:\Windows\System32\WindowsPowerShell\v1.0\;C:\Windows\System32\OpenSSH\;C:\Program Files (x86)\Intel\Intel(R) Management Engine Components\DAL;C:\Program Files\Intel\Intel(R) Management Engine Components\DAL;C:\Program Files (x86)\Intel\Intel(R) Management Engine Components\IPT;C:\Program Files\Intel\Intel(R) Management Engine Components\IPT;C:\Program Files (x86)\NVIDIA Corporation\PhysX\Common;D:\Server\MySQL\MySQL Server 5.5\bin;D:\Server\apache-maven-3.6.0\bin;D:\Server\Apache\tomcat-8.5.37\bin;C:\Program Files\nodejs\;C:\Program Files\nodejs\node_global;C:\WINDOWS\system32;C:\WINDOWS;C:\WINDOWS\System32\Wbem;C:\WINDOWS\System32\WindowsPowerShell\v1.0\;C:\WINDOWS\System32\OpenSSH\;%ERLANG_HOME%\bin;%RABBITMQ_HOME%\sbin;C:\Program Files\Intel\WiFi\bin\;C:\Program Files\Common Files\Intel\WirelessCommon\;C:\Program Files\Git\cmd;C:\Python\python-3.8.1\Scripts\;C:\Python\python-3.8.1\;C:\Users\Kenny Cheng\AppData\Local\Microsoft\WindowsApps;C:\Users\Kenny Cheng\AppData\Local\Programs\Microsoft VS Code\bin;C:\Users\Kenny Cheng\AppData\Roaming\npm;C:\Users\Kenny Cheng\AppData\Local\GitHubDesktop\bin
USERNAME=kenny
DISPLAY=:0.0
OS=Windows_NT
PROCESSOR_IDENTIFIER=Intel64 Family 6 Model 142 Stepping 10, GenuineIntel



---------------  S Y S T E M  ---------------

OS: Windows 10 , 64 bit Build 18362 (10.0.18362.329)

CPU:total 8 (initial active 8) (4 cores per cpu, 2 threads per core) family 6 model 142 stepping 10, cmov, cx8, fxsr, mmx, sse, sse2, sse3, ssse3, sse4.1, sse4.2, popcnt, avx, avx2, aes, clmul, erms, 3dnowpref, lzcnt, ht, tsc, tscinvbit, bmi1, bmi2, adx, fma

Memory: 4k page, system-wide physical 8074M (696M free)
TotalPageFile size 18314M (AvailPageFile size 0M)
current process WorkingSet (physical memory assigned to process): 46M, peak: 46M
current process commit charge ("private bytes"): 208M, peak: 208M

vm_info: OpenJDK 64-Bit Server VM (11.0.4+10-b304.77) for windows-amd64 JRE (11.0.4+10-b304.77), built on Oct 10 2019 15:02:36 by "" with MS VC++ 14.0 (VS2015)

END.
